This is XeTeX, Version 3.141592653-2.6-0.999997 (TeX Live 2025) (preloaded format=xelatex 2025.3.8)  30 APR 2025 16:56
entering extended mode
 restricted \write18 enabled.
 %&-line parsing enabled.
**IEEE-conference-template-062824.tex
(./IEEE-conference-template-062824.tex
LaTeX2e <2024-11-01> patch level 2
L3 programming layer <2025-01-18>
(/usr/local/texlive/2025/texmf-dist/tex/latex/ieeetran/IEEEtran.cls
Document Class: IEEEtran 2015/08/26 V1.8b by Michael Shell
-- See the "IEEEtran_HOWTO" manual for usage information.
-- http://www.michaelshell.org/tex/ieeetran/
\@IEEEtrantmpdimenA=\dimen141
\@IEEEtrantmpdimenB=\dimen142
\@IEEEtrantmpdimenC=\dimen143
\@IEEEtrantmpcountA=\count192
\@IEEEtrantmpcountB=\count193
\@IEEEtrantmpcountC=\count194
\@IEEEtrantmptoksA=\toks17
LaTeX Font Info:    Trying to load font information for TU+ptm on input line 50
3.
LaTeX Font Info:    No file TUptm.fd. on input line 503.

LaTeX Font Warning: Font shape `TU/ptm/m/n' undefined
(Font)              using `TU/lmr/m/n' instead on input line 503.

-- Using 8.5in x 11in (letter) paper.
-- Using DVI output.
\@IEEEnormalsizeunitybaselineskip=\dimen144
-- This is a 10 point document.
\CLASSINFOnormalsizebaselineskip=\dimen145
\CLASSINFOnormalsizeunitybaselineskip=\dimen146
\IEEEnormaljot=\dimen147

LaTeX Font Warning: Font shape `TU/ptm/bx/n' undefined
(Font)              using `TU/ptm/m/n' instead on input line 1090.


LaTeX Font Warning: Font shape `TU/ptm/m/it' undefined
(Font)              using `TU/ptm/m/n' instead on input line 1090.


LaTeX Font Warning: Font shape `TU/ptm/bx/it' undefined
(Font)              using `TU/ptm/bx/n' instead on input line 1090.

\IEEEquantizedlength=\dimen148
\IEEEquantizedlengthdiff=\dimen149
\IEEEquantizedtextheightdiff=\dimen150
\IEEEilabelindentA=\dimen151
\IEEEilabelindentB=\dimen152
\IEEEilabelindent=\dimen153
\IEEEelabelindent=\dimen154
\IEEEdlabelindent=\dimen155
\IEEElabelindent=\dimen156
\IEEEiednormlabelsep=\dimen157
\IEEEiedmathlabelsep=\dimen158
\IEEEiedtopsep=\skip49
\c@section=\count195
\c@subsection=\count196
\c@subsubsection=\count197
\c@paragraph=\count198
\c@IEEEsubequation=\count199
\abovecaptionskip=\skip50
\belowcaptionskip=\skip51
\c@figure=\count266
\c@table=\count267
\@IEEEeqnnumcols=\count268
\@IEEEeqncolcnt=\count269
\@IEEEsubeqnnumrollback=\count270
\@IEEEquantizeheightA=\dimen159
\@IEEEquantizeheightB=\dimen160
\@IEEEquantizeheightC=\dimen161
\@IEEEquantizeprevdepth=\dimen162
\@IEEEquantizemultiple=\count271
\@IEEEquantizeboxA=\box52
\@IEEEtmpitemindent=\dimen163
\IEEEPARstartletwidth=\dimen164
\c@IEEEbiography=\count272
\@IEEEtranrubishbin=\box53
)
** ATTENTION: Overriding command lockouts (line 2).
(/usr/local/texlive/2025/texmf-dist/tex/latex/cite/cite.sty
LaTeX Info: Redefining \cite on input line 302.
LaTeX Info: Redefining \nocite on input line 332.
Package: cite 2015/02/27  v 5.5
)
(/usr/local/texlive/2025/texmf-dist/tex/latex/amsmath/amsmath.sty
Package: amsmath 2024/11/05 v2.17t AMS math features
\@mathmargin=\skip52

For additional information on amsmath, use the `?' option.
(/usr/local/texlive/2025/texmf-dist/tex/latex/amsmath/amstext.sty
Package: amstext 2021/08/26 v2.01 AMS text

(/usr/local/texlive/2025/texmf-dist/tex/latex/amsmath/amsgen.sty
File: amsgen.sty 1999/11/30 v2.0 generic functions
\@emptytoks=\toks18
\ex@=\dimen165
))
(/usr/local/texlive/2025/texmf-dist/tex/latex/amsmath/amsbsy.sty
Package: amsbsy 1999/11/29 v1.2d Bold Symbols
\pmbraise@=\dimen166
)
(/usr/local/texlive/2025/texmf-dist/tex/latex/amsmath/amsopn.sty
Package: amsopn 2022/04/08 v2.04 operator names
)
\inf@bad=\count273
LaTeX Info: Redefining \frac on input line 233.
\uproot@=\count274
\leftroot@=\count275
LaTeX Info: Redefining \overline on input line 398.
LaTeX Info: Redefining \colon on input line 409.
\classnum@=\count276
\DOTSCASE@=\count277
LaTeX Info: Redefining \ldots on input line 495.
LaTeX Info: Redefining \dots on input line 498.
LaTeX Info: Redefining \cdots on input line 619.
\Mathstrutbox@=\box54
\strutbox@=\box55
LaTeX Info: Redefining \big on input line 721.
LaTeX Info: Redefining \Big on input line 722.
LaTeX Info: Redefining \bigg on input line 723.
LaTeX Info: Redefining \Bigg on input line 724.
\big@size=\dimen167
LaTeX Font Info:    Redeclaring font encoding OML on input line 742.
LaTeX Font Info:    Redeclaring font encoding OMS on input line 743.
\macc@depth=\count278
LaTeX Info: Redefining \bmod on input line 904.
LaTeX Info: Redefining \pmod on input line 909.
LaTeX Info: Redefining \smash on input line 939.
LaTeX Info: Redefining \relbar on input line 969.
LaTeX Info: Redefining \Relbar on input line 970.
\c@MaxMatrixCols=\count279
\dotsspace@=\muskip17
\c@parentequation=\count280
\dspbrk@lvl=\count281
\tag@help=\toks19
\row@=\count282
\column@=\count283
\maxfields@=\count284
\andhelp@=\toks20
\eqnshift@=\dimen168
\alignsep@=\dimen169
\tagshift@=\dimen170
\tagwidth@=\dimen171
\totwidth@=\dimen172
\lineht@=\dimen173
\@envbody=\toks21
\multlinegap=\skip53
\multlinetaggap=\skip54
\mathdisplay@stack=\toks22
LaTeX Info: Redefining \[ on input line 2953.
LaTeX Info: Redefining \] on input line 2954.
)
(/usr/local/texlive/2025/texmf-dist/tex/latex/amsfonts/amssymb.sty
Package: amssymb 2013/01/14 v3.01 AMS font symbols

(/usr/local/texlive/2025/texmf-dist/tex/latex/amsfonts/amsfonts.sty
Package: amsfonts 2013/01/14 v3.01 Basic AMSFonts support
\symAMSa=\mathgroup4
\symAMSb=\mathgroup5
LaTeX Font Info:    Redeclaring math symbol \hbar on input line 98.
LaTeX Font Info:    Overwriting math alphabet `\mathfrak' in version `bold'
(Font)                  U/euf/m/n --> U/euf/b/n on input line 106.
))
(/usr/local/texlive/2025/texmf-dist/tex/latex/algorithms/algorithmic.sty
Invalid UTF-8 byte or sequence at line 11 replaced by U+FFFD.
Package: algorithmic 2009/08/24 v0.1 Document Style `algorithmic'

(/usr/local/texlive/2025/texmf-dist/tex/latex/base/ifthen.sty
Package: ifthen 2024/03/16 v1.1e Standard LaTeX ifthen package (DPC)
)
(/usr/local/texlive/2025/texmf-dist/tex/latex/graphics/keyval.sty
Package: keyval 2022/05/29 v1.15 key=value parser (DPC)
\KV@toks@=\toks23
)
\c@ALC@unique=\count285
\c@ALC@line=\count286
\c@ALC@rem=\count287
\c@ALC@depth=\count288
\ALC@tlm=\skip55
\algorithmicindent=\skip56
)
(/usr/local/texlive/2025/texmf-dist/tex/latex/graphics/graphicx.sty
Package: graphicx 2021/09/16 v1.2d Enhanced LaTeX Graphics (DPC,SPQR)

(/usr/local/texlive/2025/texmf-dist/tex/latex/graphics/graphics.sty
Package: graphics 2024/08/06 v1.4g Standard LaTeX Graphics (DPC,SPQR)

(/usr/local/texlive/2025/texmf-dist/tex/latex/graphics/trig.sty
Package: trig 2023/12/02 v1.11 sin cos tan (DPC)
)
(/usr/local/texlive/2025/texmf-dist/tex/latex/graphics-cfg/graphics.cfg
File: graphics.cfg 2016/06/04 v1.11 sample graphics configuration
)
Package graphics Info: Driver file: xetex.def on input line 106.

(/usr/local/texlive/2025/texmf-dist/tex/latex/graphics-def/xetex.def
File: xetex.def 2022/09/22 v5.0n Graphics/color driver for xetex
))
\Gin@req@height=\dimen174
\Gin@req@width=\dimen175
)
(/usr/local/texlive/2025/texmf-dist/tex/latex/base/textcomp.sty
Package: textcomp 2024/04/24 v2.1b Standard LaTeX package
)
(/usr/local/texlive/2025/texmf-dist/tex/latex/xcolor/xcolor.sty
Package: xcolor 2024/09/29 v3.02 LaTeX color extensions (UK)

(/usr/local/texlive/2025/texmf-dist/tex/latex/graphics-cfg/color.cfg
File: color.cfg 2016/01/02 v1.6 sample color configuration
)
Package xcolor Info: Driver file: xetex.def on input line 274.

(/usr/local/texlive/2025/texmf-dist/tex/latex/graphics/mathcolor.ltx)
Package xcolor Info: Model `cmy' substituted by `cmy0' on input line 1349.
Package xcolor Info: Model `RGB' extended on input line 1365.
Package xcolor Info: Model `HTML' substituted by `rgb' on input line 1367.
Package xcolor Info: Model `Hsb' substituted by `hsb' on input line 1368.
Package xcolor Info: Model `tHsb' substituted by `hsb' on input line 1369.
Package xcolor Info: Model `HSB' substituted by `hsb' on input line 1370.
Package xcolor Info: Model `Gray' substituted by `gray' on input line 1371.
Package xcolor Info: Model `wave' substituted by `hsb' on input line 1372.
)
(/usr/local/texlive/2025/texmf-dist/tex/latex/l3backend/l3backend-xetex.def
File: l3backend-xetex.def 2024-05-08 L3 backend support: XeTeX
\g__graphics_track_int=\count289
\l__pdf_internal_box=\box56
\g__pdf_backend_annotation_int=\count290
\g__pdf_backend_link_int=\count291
)
(./IEEE-conference-template-062824.aux

LaTeX Warning: Label `Chen2016' multiply defined.

)
\openout1 = `IEEE-conference-template-062824.aux'.

LaTeX Font Info:    Checking defaults for OML/cmm/m/it on input line 12.
LaTeX Font Info:    ... okay on input line 12.
LaTeX Font Info:    Checking defaults for OMS/cmsy/m/n on input line 12.
LaTeX Font Info:    ... okay on input line 12.
LaTeX Font Info:    Checking defaults for OT1/cmr/m/n on input line 12.
LaTeX Font Info:    ... okay on input line 12.
LaTeX Font Info:    Checking defaults for T1/cmr/m/n on input line 12.
LaTeX Font Info:    ... okay on input line 12.
LaTeX Font Info:    Checking defaults for TS1/cmr/m/n on input line 12.
LaTeX Font Info:    ... okay on input line 12.
LaTeX Font Info:    Checking defaults for TU/lmr/m/n on input line 12.
LaTeX Font Info:    ... okay on input line 12.
LaTeX Font Info:    Checking defaults for OMX/cmex/m/n on input line 12.
LaTeX Font Info:    ... okay on input line 12.
LaTeX Font Info:    Checking defaults for U/cmr/m/n on input line 12.
LaTeX Font Info:    ... okay on input line 12.


LaTeX Font Warning: Font shape `TU/ptm/b/n' undefined
(Font)              using `TU/ptm/bx/n' instead on input line 12.


LaTeX Font Warning: Font shape `TU/ptm/b/it' undefined
(Font)              using `TU/ptm/bx/it' instead on input line 12.


LaTeX Font Warning: Font shape `TU/ptm/b/n' undefined
(Font)              using `TU/ptm/bx/n' instead on input line 12.


LaTeX Font Warning: Font shape `TU/ptm/b/it' undefined
(Font)              using `TU/ptm/bx/it' instead on input line 12.


LaTeX Font Warning: Font shape `TU/ptm/b/n' undefined
(Font)              using `TU/ptm/bx/n' instead on input line 12.


LaTeX Font Warning: Font shape `TU/ptm/b/it' undefined
(Font)              using `TU/ptm/bx/it' instead on input line 12.


LaTeX Font Warning: Font shape `TU/ptm/b/n' undefined
(Font)              using `TU/ptm/bx/n' instead on input line 12.


LaTeX Font Warning: Font shape `TU/ptm/b/it' undefined
(Font)              using `TU/ptm/bx/it' instead on input line 12.


LaTeX Font Warning: Font shape `TU/ptm/b/n' undefined
(Font)              using `TU/ptm/bx/n' instead on input line 12.


LaTeX Font Warning: Font shape `TU/ptm/b/it' undefined
(Font)              using `TU/ptm/bx/it' instead on input line 12.


LaTeX Font Warning: Font shape `TU/ptm/b/n' undefined
(Font)              using `TU/ptm/bx/n' instead on input line 12.


LaTeX Font Warning: Font shape `TU/ptm/b/it' undefined
(Font)              using `TU/ptm/bx/it' instead on input line 12.


LaTeX Font Warning: Font shape `TU/ptm/b/n' undefined
(Font)              using `TU/ptm/bx/n' instead on input line 12.


LaTeX Font Warning: Font shape `TU/ptm/b/it' undefined
(Font)              using `TU/ptm/bx/it' instead on input line 12.


LaTeX Font Warning: Font shape `TU/ptm/b/n' undefined
(Font)              using `TU/ptm/bx/n' instead on input line 12.


LaTeX Font Warning: Font shape `TU/ptm/b/it' undefined
(Font)              using `TU/ptm/bx/it' instead on input line 12.


LaTeX Font Warning: Font shape `TU/ptm/b/n' undefined
(Font)              using `TU/ptm/bx/n' instead on input line 12.


LaTeX Font Warning: Font shape `TU/ptm/b/it' undefined
(Font)              using `TU/ptm/bx/it' instead on input line 12.


LaTeX Font Warning: Font shape `TU/ptm/b/n' undefined
(Font)              using `TU/ptm/bx/n' instead on input line 12.


LaTeX Font Warning: Font shape `TU/ptm/b/it' undefined
(Font)              using `TU/ptm/bx/it' instead on input line 12.

-- Lines per column: 56 (exact).

LaTeX Font Warning: Font shape `TU/ptm/b/n' undefined
(Font)              using `TU/ptm/bx/n' instead on input line 46.




LaTeX Font Warning: Font shape `TU/ptm/b/n' undefined
(Font)              using `TU/ptm/bx/n' instead on input line 58.


LaTeX Font Warning: Font shape `TU/ptm/m/sc' undefined
(Font)              using `TU/ptm/m/n' instead on input line 62.

LaTeX Font Info:    Trying to load font information for U+msa on input line 70.

(/usr/local/texlive/2025/texmf-dist/tex/latex/amsfonts/umsa.fd
File: umsa.fd 2013/01/14 v3.01 AMS symbols A
)
LaTeX Font Info:    Trying to load font information for U+msb on input line 70.


(/usr/local/texlive/2025/texmf-dist/tex/latex/amsfonts/umsb.fd
File: umsb.fd 2013/01/14 v3.01 AMS symbols B
)

[1


]
File: qubit.png Graphic file (type bmp)
<qubit.png>


File: shors.png Graphic file (type bmp)
<shors.png>

Overfull \hbox (6.0pt too wide) in paragraph at lines 116--117
 [][] 
 []


Underfull \hbox (badness 10000) in paragraph at lines 121--122

 []



[2]

LaTeX Font Warning: Font shape `TU/ptm/b/n' undefined
(Font)              using `TU/ptm/bx/n' instead on input line 126.


LaTeX Font Warning: Font shape `TU/ptm/b/n' undefined
(Font)              using `TU/ptm/bx/n' instead on input line 128.


LaTeX Font Warning: Font shape `TU/ptm/b/n' undefined
(Font)              using `TU/ptm/bx/n' instead on input line 130.


LaTeX Font Warning: Font shape `TU/ptm/b/n' undefined
(Font)              using `TU/ptm/bx/n' instead on input line 133.


LaTeX Warning: Citation `shor1994' on page 3 undefined on input line 133.

File: grover_circuit.png Graphic file (type bmp)
<grover_circuit.png>

Overfull \hbox (6.0pt too wide) in paragraph at lines 139--142
 [] 
 []




LaTeX Font Warning: Font shape `TU/ptm/b/n' undefined
(Font)              using `TU/ptm/bx/n' instead on input line 154.


LaTeX Font Warning: Font shape `TU/ptm/b/n' undefined
(Font)              using `TU/ptm/bx/n' instead on input line 156.


LaTeX Font Warning: Font shape `TU/ptm/b/n' undefined
(Font)              using `TU/ptm/bx/n' instead on input line 158.


LaTeX Font Warning: Font shape `TU/ptm/b/n' undefined
(Font)              using `TU/ptm/bx/n' instead on input line 160.



[3]
File: Quantum.jpg Graphic file (type bmp)
<Quantum.jpg>




[4]
File: key.png Graphic file (type bmp)
<key.png>

Overfull \hbox (6.0pt too wide) in paragraph at lines 194--195
 [][] 
 []



File: Lattice.png Graphic file (type bmp)
<Lattice.png>


[5]
Underfull \vbox (badness 1028) has occurred while \output is active []





[6]



[7]



[8]
Underfull \hbox (badness 1975) in paragraph at lines 299--300
[]\TU/ptm/bx/it/8 Bender2k14, “Quantum Subroutine in Shor’s Algorithm,”
 []


Underfull \hbox (badness 10000) in paragraph at lines 299--300
\TU/ptm/bx/it/8 Wikimedia Commons, 2014. [Online]. Available:
 []


Overfull \hbox (19.96pt too wide) in paragraph at lines 299--300
\TU/ptm/bx/it/8 https://commons.wikimedia.org/wiki/File:Shor_Algorithm_QC.svg
 []


Underfull \hbox (badness 10000) in paragraph at lines 301--302
[]\TU/ptm/bx/it/8 Fawly, ”Quantum circuit representation of Grover’s
 []


Underfull \hbox (badness 10000) in paragraph at lines 301--302
\TU/ptm/bx/it/8 algorithm,” Wikipedia, 2023. [Online]. Available:
 []


Underfull \hbox (badness 4266) in paragraph at lines 305--306
\TU/ptm/bx/it/8 Finalists and alternative candidates,” National Institute
 []


Underfull \hbox (badness 3557) in paragraph at lines 305--306
\TU/ptm/bx/it/8 of Standards and Technology, 2022. [Online]. Available:
 []


Underfull \hbox (badness 10000) in paragraph at lines 309--310
\TU/ptm/bx/it/8 Cryptography: Infographic,” 2018. [Online]. Available:
 []


Underfull \hbox (badness 10000) in paragraph at lines 309--310
\TU/ptm/bx/it/8 https://quantumxc.com/blog/quantum-encryption-vs-post-
 []


Underfull \hbox (badness 10000) in paragraph at lines 309--310
\TU/ptm/bx/it/8 quantum-cryptography-infographic/. [Accessed: Apr. 28,
 []


Underfull \hbox (badness 10000) in paragraph at lines 319--320
\TU/ptm/bx/it/8 Available: https://www.researchgate.net/figure/Quantum-
 []


Underfull \hbox (badness 3471) in paragraph at lines 321--322
[]\TU/ptm/bx/it/8 National Institute of Standards and Technology, “Post-
 []


Underfull \hbox (badness 3635) in paragraph at lines 321--322
\TU/ptm/bx/it/8 Quantum Cryptography Standardization,” 2022. [Online].
 []


Underfull \hbox (badness 10000) in paragraph at lines 321--322
\TU/ptm/bx/it/8 Available: https://csrc.nist.gov/projects/post-quantum-
 []


Underfull \hbox (badness 10000) in paragraph at lines 323--324
[]\TU/ptm/bx/it/8 J. W. Bos, L. Ducas, E. Kiltz, T. Lepoint, V.
 []


Underfull \hbox (badness 10000) in paragraph at lines 323--324
\TU/ptm/bx/it/8 Lyubashevsky, J. M. Schanck, P. Schwabe, G.
 []


Underfull \hbox (badness 10000) in paragraph at lines 323--324
\TU/ptm/bx/it/8 Seiler, and D. Stehlé, “CRYSTALS-Kyber: Algorithm
 []


Underfull \hbox (badness 10000) in paragraph at lines 323--324
\TU/ptm/bx/it/8 specifications and supporting documentation,” NIST
 []


Underfull \hbox (badness 6708) in paragraph at lines 323--324
\TU/ptm/bx/it/8 PQC Round 3 Submissions, 2021. [Online]. Available:
 []


Underfull \hbox (badness 10000) in paragraph at lines 323--324
\TU/ptm/bx/it/8 https://csrc.nist.gov/CSRC/media/Projects/post-quantum-
 []


Underfull \hbox (badness 10000) in paragraph at lines 323--324
\TU/ptm/bx/it/8 cryptography/documents/round-3/submissions/kyber-
 []


Underfull \hbox (badness 4217) in paragraph at lines 325--326
[]\TU/ptm/bx/it/8 L. Ducas, E. Kiltz, T. Lepoint, V. Lyubashevsky, P.
 []


Underfull \hbox (badness 4279) in paragraph at lines 325--326
\TU/ptm/bx/it/8 Algorithm specifications and supporting documentation,”
 []


Underfull \hbox (badness 10000) in paragraph at lines 325--326
\TU/ptm/bx/it/8 https://csrc.nist.gov/CSRC/media/Projects/post-quantum-
 []


Underfull \hbox (badness 10000) in paragraph at lines 325--326
\TU/ptm/bx/it/8 cryptography/documents/round-3/submissions/dilithium-
 []


Underfull \hbox (badness 7722) in paragraph at lines 327--328
\TU/ptm/bx/it/8 M. Tibouchi, and D. Stehlé, “FALCON: Fast-Fourier
 []


Underfull \hbox (badness 10000) in paragraph at lines 327--328
\TU/ptm/bx/it/8 lattice-based compact signatures over NTRU,” NIST
 []


Underfull \hbox (badness 6708) in paragraph at lines 327--328
\TU/ptm/bx/it/8 PQC Round 3 Submissions, 2021. [Online]. Available:
 []


Underfull \hbox (badness 10000) in paragraph at lines 327--328
\TU/ptm/bx/it/8 https://csrc.nist.gov/CSRC/media/Projects/post-quantum-
 []


Underfull \hbox (badness 10000) in paragraph at lines 327--328
\TU/ptm/bx/it/8 cryptography/documents/round-3/submissions/falcon-
 []




Underfull \hbox (badness 5939) in paragraph at lines 347--348
\TU/ptm/bx/it/8 Quantum Cryptography: Risks and Future Directions,”
 []


Underfull \hbox (badness 10000) in paragraph at lines 347--348
\TU/ptm/bx/it/8 NIST Special Publication 800-90A, 2021. [Online].
 []


Underfull \hbox (badness 10000) in paragraph at lines 347--348
\TU/ptm/bx/it/8 Available: https://www.nist.gov/publications/post-quantum-
 []


Underfull \hbox (badness 4899) in paragraph at lines 349--350
[]\TU/ptm/bx/it/8 P. Sinha, “Lattice Based Cryptography,” Pristine Por-
 []


Underfull \hbox (badness 1377) in paragraph at lines 353--354
\TU/ptm/bx/it/8 Conscience: The Human Rights-Compatibility of Informa-
 []


Underfull \hbox (badness 4193) in paragraph at lines 353--354
\TU/ptm/bx/it/8 tion Security Governance in the Context of Quantum
 []


** Conference Paper **
Before submitting the final camera ready copy, remember to:

 1. Manually equalize the lengths of two columns on the last page
 of your paper;

 2. Ensure that any PostScript and/or PDF output post-processing
 uses only Type 1 fonts and that every step in the generation
 process uses the appropriate paper size.



[9] (./IEEE-conference-template-062824.aux)
 ***********
LaTeX2e <2024-11-01> patch level 2
L3 programming layer <2025-01-18>
 ***********


LaTeX Font Warning: Some font shapes were not available, defaults substituted.


LaTeX Warning: There were undefined references.


LaTeX Warning: There were multiply-defined labels.

 ) 
Here is how much of TeX's memory you used:
 3833 strings out of 473832
 60972 string characters out of 5729482
 480671 words of memory out of 5000000
 26874 multiletter control sequences out of 15000+600000
 563716 words of font info for 66 fonts, out of 8000000 for 9000
 1348 hyphenation exceptions out of 8191
 57i,8n,65p,1178b,270s stack positions out of 10000i,1000n,20000p,200000b,200000s

Output written on IEEE-conference-template-062824.pdf (9 pages).
